  Board.cpp
C:\Users\noobk\source\repos\SFML Projects\Chess\Board.cpp(76,54): warning C4244: 'argument': conversion from 'int' to 'float', possible loss of data
C:\Users\noobk\source\repos\SFML Projects\Chess\Board.cpp(76,48): warning C4244: 'argument': conversion from 'int' to 'float', possible loss of data
C:\Users\noobk\source\repos\SFML Projects\Chess\Board.cpp(227,168): warning C4244: 'argument': conversion from 'const T' to 'int', possible loss of data
          with
          [
              T=float
          ]
C:\Users\noobk\source\repos\SFML Projects\Chess\Board.cpp(227,117): warning C4244: 'argument': conversion from 'const T' to 'int', possible loss of data
          with
          [
              T=float
          ]
C:\Users\noobk\source\repos\SFML Projects\Chess\Board.cpp(246,167): warning C4244: 'argument': conversion from 'const T' to 'int', possible loss of data
          with
          [
              T=float
          ]
C:\Users\noobk\source\repos\SFML Projects\Chess\Board.cpp(246,116): warning C4244: 'argument': conversion from 'const T' to 'int', possible loss of data
          with
          [
              T=float
          ]
C:\Users\noobk\source\repos\SFML Projects\Chess\Board.cpp(273,124): warning C4244: 'argument': conversion from 'T' to 'T', possible loss of data
          with
          [
              T=int
          ]
          and
          [
              T=float
          ]
C:\Users\noobk\source\repos\SFML Projects\Chess\Board.cpp(273,112): warning C4244: 'argument': conversion from 'T' to 'T', possible loss of data
          with
          [
              T=int
          ]
          and
          [
              T=float
          ]
C:\Users\noobk\source\repos\SFML Projects\Chess\Board.cpp(277,83): warning C4244: '=': conversion from 'const T' to 'int', possible loss of data
          with
          [
              T=float
          ]
C:\Users\noobk\source\repos\SFML Projects\Chess\Board.cpp(278,83): warning C4244: '=': conversion from 'const T' to 'int', possible loss of data
          with
          [
              T=float
          ]
C:\Users\noobk\source\repos\SFML Projects\Chess\Board.cpp(287,81): warning C4244: 'argument': conversion from 'T' to 'T', possible loss of data
          with
          [
              T=int
          ]
          and
          [
              T=float
          ]
C:\Users\noobk\source\repos\SFML Projects\Chess\Board.cpp(287,69): warning C4244: 'argument': conversion from 'T' to 'T', possible loss of data
          with
          [
              T=int
          ]
          and
          [
              T=float
          ]
C:\Users\noobk\source\repos\SFML Projects\Chess\Board.cpp(343,20): warning C4018: '<': signed/unsigned mismatch
C:\Users\noobk\source\repos\SFML Projects\Chess\Board.cpp(345,21): warning C4018: '<': signed/unsigned mismatch
C:\Users\noobk\source\repos\SFML Projects\Chess\Board.cpp(356,20): warning C4018: '<': signed/unsigned mismatch
C:\Users\noobk\source\repos\SFML Projects\Chess\Board.cpp(358,21): warning C4018: '<': signed/unsigned mismatch
C:\Users\noobk\source\repos\SFML Projects\Chess\Board.cpp(483,21): warning C4018: '<': signed/unsigned mismatch
C:\Users\noobk\source\repos\SFML Projects\Chess\Board.cpp(490,22): warning C4018: '<': signed/unsigned mismatch
C:\Users\noobk\source\repos\SFML Projects\Chess\Board.cpp(498,21): warning C4018: '<': signed/unsigned mismatch
C:\Users\noobk\source\repos\SFML Projects\Chess\Board.cpp(505,22): warning C4018: '<': signed/unsigned mismatch
C:\Users\noobk\source\repos\SFML Projects\Chess\Board.cpp(951,20): warning C4018: '<': signed/unsigned mismatch
C:\Users\noobk\source\repos\SFML Projects\Chess\Board.cpp(957,20): warning C4018: '<': signed/unsigned mismatch
C:\Users\noobk\source\repos\SFML Projects\Chess\Board.cpp(1010,12): warning C4018: '<': signed/unsigned mismatch
C:\Users\noobk\source\repos\SFML Projects\Chess\Board.cpp(1181,70): warning C4244: 'argument': conversion from 'int' to 'float', possible loss of data
C:\Users\noobk\source\repos\SFML Projects\Chess\Board.cpp(1181,40): warning C4244: 'argument': conversion from 'int' to 'float', possible loss of data
C:\Users\noobk\source\repos\SFML Projects\Chess\Board.cpp(1191,87): warning C4244: 'argument': conversion from 'T' to 'T', possible loss of data
          with
          [
              T=int
          ]
          and
          [
              T=float
          ]
C:\Users\noobk\source\repos\SFML Projects\Chess\Board.cpp(1191,75): warning C4244: 'argument': conversion from 'T' to 'T', possible loss of data
          with
          [
              T=int
          ]
          and
          [
              T=float
          ]
C:\Users\noobk\source\repos\SFML Projects\Chess\Board.cpp(1274,16): warning C4244: 'argument': conversion from 'time_t' to 'unsigned int', possible loss of data
  Chess.vcxproj -> C:\Users\noobk\source\repos\SFML Projects\Debug\Chess.exe
